<?xml version="1.0" encoding="UTF-8"?>
<!-- Generated by org.testng.reporters.JUnitReportReporter -->
<testsuite hostname="DESKTOP-ELO001E" failures="0" tests="2" name="com.TestNG.Test1" time="0.004" errors="0" timestamp="2023-08-07T14:55:04 IST" skipped="0">
  <testcase classname="com.TestNG.Test1" name="e" time="0.002"/>
  <system-out/>
  <testcase classname="com.TestNG.Test1" name="f" time="0.002"/>
  <system-out/>
</testsuite> <!-- com.TestNG.Test1 -->
