<?xml version="1.0" encoding="UTF-8"?>
<!-- Generated by org.testng.reporters.JUnitReportReporter -->
<testsuite hostname="DESKTOP-ELO001E" failures="0" tests="2" name="com.TestNG.BookingTourCancelTest" time="71.386" errors="0" timestamp="2023-08-08T17:02:39 IST" skipped="0">
  <testcase classname="com.TestNG.BookingTourCancelTest" name="bookCancel" time="14.636"/>
  <system-out/>
  <testcase classname="com.TestNG.BookingTourCancelTest" name="bookCancel" time="56.750"/>
  <system-out/>
</testsuite> <!-- com.TestNG.BookingTourCancelTest -->
