<?xml version="1.0" encoding="UTF-8"?>
<!-- Generated by org.testng.reporters.JUnitReportReporter -->
<testsuite hostname="DESKTOP-ELO001E" failures="0" tests="2" name="com.TestNG.Test2" time="0.030" errors="0" timestamp="2023-08-07T14:55:04 IST" skipped="0">
  <testcase classname="com.TestNG.Test2" name="c" time="0.027"/>
  <system-out/>
  <testcase classname="com.TestNG.Test2" name="d" time="0.003"/>
  <system-out/>
</testsuite> <!-- com.TestNG.Test2 -->
