<?xml version="1.0" encoding="UTF-8"?>
<!-- Generated by org.testng.reporters.JUnitReportReporter -->
<testsuite hostname="DESKTOP-ELO001E" failures="0" tests="3" name="com.Practice.java.DependencyMethodsTest" time="0.029" errors="0" timestamp="2023-08-07T21:51:25 IST" skipped="0">
  <testcase classname="com.Practice.java.DependencyMethodsTest" name="test1" time="0.020"/>
  <system-out/>
  <testcase classname="com.Practice.java.DependencyMethodsTest" name="test3" time="0.005"/>
  <system-out/>
  <testcase classname="com.Practice.java.DependencyMethodsTest" name="test2" time="0.004"/>
  <system-out/>
</testsuite> <!-- com.Practice.java.DependencyMethodsTest -->
