<?xml version="1.0" encoding="UTF-8"?>
<!-- Generated by org.testng.reporters.JUnitReportReporter -->
<testsuite hostname="DESKTOP-ELO001E" failures="0" tests="1" name="com.TestNG.UserTest" time="0.003" errors="0" timestamp="2023-08-08T09:56:47 IST" skipped="0">
  <testcase classname="com.TestNG.UserTest" name="cancelTour" time="0.003"/>
  <system-out/>
</testsuite> <!-- com.TestNG.UserTest -->
