<?xml version="1.0" encoding="UTF-8"?>
<!-- Generated by org.testng.reporters.JUnitReportReporter -->
<testsuite hostname="DESKTOP-ELO001E" failures="0" tests="2" name="com.TestNG.WriteUsIssueTest" time="74.055" errors="0" timestamp="2023-08-08T17:02:39 IST" skipped="0">
  <testcase classname="com.TestNG.WriteUsIssueTest" name="writeUs" time="18.461"/>
  <system-out/>
  <testcase classname="com.TestNG.WriteUsIssueTest" name="writeUs" time="55.594"/>
  <system-out/>
</testsuite> <!-- com.TestNG.WriteUsIssueTest -->
