<?xml version="1.0" encoding="UTF-8"?>
<!-- Generated by org.testng.reporters.JUnitReportReporter -->
<testsuite hostname="DESKTOP-ELO001E" failures="0" tests="1" name="com.Practice.java.TestNGPracticeTest" time="0.012" errors="0" timestamp="2023-08-04T12:13:11 IST" skipped="0">
  <testcase classname="com.Practice.java.TestNGPracticeTest" name="createTour" time="0.012"/>
  <system-out/>
</testsuite> <!-- com.Practice.java.TestNGPracticeTest -->
