<?xml version="1.0" encoding="UTF-8"?>
<!-- Generated by org.testng.reporters.JUnitReportReporter -->
<testsuite hostname="DESKTOP-ELO001E" failures="0" tests="4" name="com.Practice.java.DataProTest" time="0.018" errors="0" timestamp="2023-08-07T10:13:36 IST" skipped="0">
  <testcase classname="com.Practice.java.DataProTest" name="run" time="0.002"/>
  <system-out/>
  <testcase classname="com.Practice.java.DataProTest" name="run" time="0.003"/>
  <system-out/>
  <testcase classname="com.Practice.java.DataProTest" name="run" time="0.004"/>
  <system-out/>
  <testcase classname="com.Practice.java.DataProTest" name="run" time="0.009"/>
  <system-out/>
</testsuite> <!-- com.Practice.java.DataProTest -->
