<?xml version="1.0" encoding="UTF-8"?>
<!-- Generated by org.testng.reporters.JUnitReportReporter -->
<testsuite hostname="DESKTOP-ELO001E" failures="0" tests="1" name="com.TestNG.Admincreate" time="9.871" errors="0" timestamp="2023-08-08T11:59:03 IST" skipped="0">
  <testcase classname="com.TestNG.Admincreate" name="createTest" time="9.871"/>
  <system-out/>
</testsuite> <!-- com.TestNG.Admincreate -->
