<?xml version="1.0" encoding="UTF-8"?>
<!-- Generated by org.testng.reporters.JUnitReportReporter -->
<testsuite hostname="DESKTOP-ELO001E" failures="0" tests="2" name="com.TestNG.BookTourTest" time="123.621" errors="0" timestamp="2023-08-08T17:02:39 IST" skipped="0">
  <testcase classname="com.TestNG.BookTourTest" name="bookTour" time="61.097"/>
  <system-out/>
  <testcase classname="com.TestNG.BookTourTest" name="bookTour" time="62.524"/>
  <system-out/>
</testsuite> <!-- com.TestNG.BookTourTest -->
