<?xml version="1.0" encoding="UTF-8"?>
<!-- Generated by org.testng.reporters.JUnitReportReporter -->
<testsuite hostname="DESKTOP-ELO001E" failures="0" tests="1" name="com.TestNG.AdminManageTest" time="5.474" errors="0" timestamp="2023-08-09T19:18:33 IST" skipped="0">
  <testcase classname="com.TestNG.AdminManageTest" name="ManageTour" time="5.474"/>
  <system-out/>
</testsuite> <!-- com.TestNG.AdminManageTest -->
