<?xml version="1.0" encoding="UTF-8"?>
<!-- Generated by org.testng.reporters.JUnitReportReporter -->
<testsuite hostname="DESKTOP-ELO001E" failures="0" tests="1" name="com.Practice.java.VerifyUrlAssertTest" time="14.053" errors="0" timestamp="2023-08-09T12:51:00 IST" skipped="0">
  <testcase classname="com.Practice.java.VerifyUrlAssertTest" name="verifyApp" time="14.053"/>
  <system-out/>
</testsuite> <!-- com.Practice.java.VerifyUrlAssertTest -->
