<?xml version="1.0" encoding="UTF-8"?>
<!-- Generated by org.testng.reporters.JUnitReportReporter -->
<testsuite hostname="DESKTOP-ELO001E" failures="0" tests="1" name="com.tourism.java.DataProviderTourismTest" time="0.000" errors="0" timestamp="2023-08-07T10:14:16 IST" skipped="1">
  <testcase classname="com.tourism.java.DataProviderTourismTest" name="toursim" time="0.000">
    <skipped/>
  </testcase> <!-- toursim -->
  <system-out/>
</testsuite> <!-- com.tourism.java.DataProviderTourismTest -->
