<?xml version="1.0" encoding="UTF-8"?>
<!-- Generated by org.testng.reporters.JUnitReportReporter -->
<testsuite hostname="DESKTOP-ELO001E" failures="0" tests="2" name="com.Practice.java.DataProviderTest" time="0.013" errors="0" timestamp="2023-08-04T16:15:47 IST" skipped="0">
  <testcase classname="com.Practice.java.DataProviderTest" name="dataTest" time="0.010"/>
  <system-out/>
  <testcase classname="com.Practice.java.DataProviderTest" name="dataTest" time="0.003"/>
  <system-out/>
</testsuite> <!-- com.Practice.java.DataProviderTest -->
