<?xml version="1.0" encoding="UTF-8"?>
<!-- Generated by org.testng.reporters.JUnitReportReporter -->
<testsuite hostname="DESKTOP-ELO001E" failures="0" tests="3" name="com.Practice.java.TestNgTest" time="0.020" errors="0" timestamp="2023-08-07T12:31:49 IST" skipped="0">
  <testcase classname="com.Practice.java.TestNgTest" name="fail" time="0.011"/>
  <system-out/>
  <testcase classname="com.Practice.java.TestNgTest" name="skip" time="0.004"/>
  <system-out/>
  <testcase classname="com.Practice.java.TestNgTest" name="pass" time="0.005"/>
  <system-out/>
</testsuite> <!-- com.Practice.java.TestNgTest -->
