<?xml version="1.0" encoding="UTF-8"?>
<!-- Generated by org.testng.reporters.JUnitReportReporter -->
<testsuite hostname="DESKTOP-ELO001E" failures="0" tests="1" name="com.TestNG.AdminTest" time="0.014" errors="0" timestamp="2023-08-08T09:58:21 IST" skipped="0">
  <testcase classname="com.TestNG.AdminTest" name="manageTour" time="0.014"/>
  <system-out/>
</testsuite> <!-- com.TestNG.AdminTest -->
